2024-11-14 12:01:40 - Starting C:\Users\swapn\Downloads\qss\cjnrmsDestop\node_modules\electron\dist\electron.exe  --harmony C:\Users\swapn\Downloads\qss\cjnrmsDestop\node_modules\node-windows\lib\wrapper.js --file C:\Users\swapn\Downloads\qss\cjnrmsDestop\main.js --scriptoptions= --log "cjncitation wrapper" --grow 0.25 --wait 1 --maxrestarts 3 --abortonerror n --stopparentfirst undefined
2024-11-14 12:01:40 - Started 14880
2024-11-24 19:40:58 - Starting C:\Users\swapn\Downloads\qss\cjnrmsDestop\node_modules\electron\dist\electron.exe  --harmony C:\Users\swapn\Downloads\qss\cjnrmsDestop\node_modules\node-windows\lib\wrapper.js --file C:\Users\swapn\Downloads\qss\cjnrmsDestop\main.js --scriptoptions= --log "cjncitation wrapper" --grow 0.25 --wait 1 --maxrestarts 3 --abortonerror n --stopparentfirst undefined
2024-11-24 19:40:58 - Started 5568
2024-11-25 11:17:50 - Starting C:\Users\swapn\Downloads\qss\cjnrmsDestop\node_modules\electron\dist\electron.exe  --harmony C:\Users\swapn\Downloads\qss\cjnrmsDestop\node_modules\node-windows\lib\wrapper.js --file C:\Users\swapn\Downloads\qss\cjnrmsDestop\main.js --scriptoptions= --log "cjncitation wrapper" --grow 0.25 --wait 1 --maxrestarts 3 --abortonerror n --stopparentfirst undefined
2024-11-25 11:17:50 - Started 6568
2024-11-29 15:07:22 - Stopping cjncitation.exe
2024-11-29 15:07:22 - ProcessKill 6568
2024-11-29 15:07:22 - Shutdown exception
Message:A system shutdown is in progress.

Stacktrace:   at System.Runtime.InteropServices.Marshal.ThrowExceptionForHRInternal(Int32 errorCode, IntPtr errorInfo)
   at System.Management.ManagementScope.InitializeGuts(Object o)
   at System.Management.ManagementScope.Initialize()
   at System.Management.ManagementObjectSearcher.Initialize()
   at System.Management.ManagementObjectSearcher.Get()
   at winsw.WrapperService.GetChildPids(Int32 pid)
   at winsw.WrapperService.StopProcessAndChildren(Int32 pid)
   at winsw.WrapperService.StopIt()
   at winsw.WrapperService.OnShutdown()
2024-11-29 15:07:45 - Starting C:\Users\swapn\Downloads\qss\cjnrmsDestop\node_modules\electron\dist\electron.exe  --harmony C:\Users\swapn\Downloads\qss\cjnrmsDestop\node_modules\node-windows\lib\wrapper.js --file C:\Users\swapn\Downloads\qss\cjnrmsDestop\main.js --scriptoptions= --log "cjncitation wrapper" --grow 0.25 --wait 1 --maxrestarts 3 --abortonerror n --stopparentfirst undefined
2024-11-29 15:07:45 - Started 6560
2024-12-01 10:13:30 - Stopping cjncitation.exe
2024-12-01 10:13:30 - ProcessKill 6560
2024-12-01 10:13:30 - Shutdown exception
Message:A system shutdown is in progress.

Stacktrace:   at System.Runtime.InteropServices.Marshal.ThrowExceptionForHRInternal(Int32 errorCode, IntPtr errorInfo)
   at System.Management.ManagementScope.InitializeGuts(Object o)
   at System.Management.ManagementScope.Initialize()
   at System.Management.ManagementObjectSearcher.Initialize()
   at System.Management.ManagementObjectSearcher.Get()
   at winsw.WrapperService.GetChildPids(Int32 pid)
   at winsw.WrapperService.StopProcessAndChildren(Int32 pid)
   at winsw.WrapperService.StopIt()
   at winsw.WrapperService.OnShutdown()
2024-12-01 10:13:55 - Starting C:\Users\swapn\Downloads\qss\cjnrmsDestop\node_modules\electron\dist\electron.exe  --harmony C:\Users\swapn\Downloads\qss\cjnrmsDestop\node_modules\node-windows\lib\wrapper.js --file C:\Users\swapn\Downloads\qss\cjnrmsDestop\main.js --scriptoptions= --log "cjncitation wrapper" --grow 0.25 --wait 1 --maxrestarts 3 --abortonerror n --stopparentfirst undefined
2024-12-01 10:13:55 - Started 5640
